<?xml version="1.0" encoding="UTF-8"?>
<!-- Generated by org.testng.reporters.JUnitXMLReporter -->
<testsuite ignored="3" hostname="AHAD-PC" failures="0" tests="3" name="ChromeTest" time="39.091" errors="0" timestamp="2024-11-17T11:42:33 IST">
  <testcase classname="qa.test.HomeTest" name="HomePageTestCase" time="10.111"/>
  <testcase classname="qa.test.HomeTest" name="HomePageTestCase2" time="5.035"/>
  <testcase classname="qa.test.LoginTest" name="LoginHomePageTest" time="7.701"/>
  <testcase classname="base.BaseTest" name="@BeforeTest beforeTestMethod" time="0.0">
    <ignored/>
  </testcase> <!-- @BeforeTest beforeTestMethod -->
  <testcase classname="base.BaseTest" name="@BeforeSuite setupExtentReports" time="0.0">
    <ignored/>
  </testcase> <!-- @BeforeSuite setupExtentReports -->
  <testcase classname="base.BaseTest" name="@AfterTest afterTest" time="0.0">
    <ignored/>
  </testcase> <!-- @AfterTest afterTest -->
</testsuite> <!-- ChromeTest -->
