<?xml version="1.0" encoding="UTF-8"?>
<testng-results ignored="3" total="6" passed="3" failed="0" skipped="0">
  <reporter-output>
  </reporter-output>
  <suite started-at="2024-12-01T14:04:35 IST" name="Suite" finished-at="2024-12-01T14:05:06 IST" duration-ms="30845">
    <groups>
    </groups>
    <test started-at="2024-12-01T14:04:35 IST" name="ChromeTest" finished-at="2024-12-01T14:05:06 IST" duration-ms="30845">
      <class name="qa.test.LoginTest">
        <test-method is-config="true" signature="beforeMethod(java.lang.reflect.Method)[pri:0, instance:qa.test.LoginTest@78e4deb0]" started-at="2024-12-01T14:04:57 IST" name="beforeMethod" finished-at="2024-12-01T14:04:57 IST" duration-ms="1" status="PASS">
          <params>
            <param index="0">
              <value>
                <![CDATA[public void qa.test.LoginTest.LoginHomePageTest()]]>
              </value>
            </param>
          </params>
          <reporter-output>
          </reporter-output>
        </test-method> <!-- beforeMethod -->
        <test-method signature="LoginHomePageTest()[pri:0, instance:qa.test.LoginTest@78e4deb0]" started-at="2024-12-01T14:04:57 IST" name="LoginHomePageTest" finished-at="2024-12-01T14:05:05 IST" duration-ms="7934" status="PASS">
          <reporter-output>
          </reporter-output>
        </test-method> <!-- LoginHomePageTest -->
        <test-method is-config="true" signature="afterMethod(org.testng.ITestResult)[pri:0, instance:qa.test.LoginTest@78e4deb0]" started-at="2024-12-01T14:05:05 IST" name="afterMethod" finished-at="2024-12-01T14:05:05 IST" duration-ms="1" status="PASS">
          <params>
            <param index="0">
              <value>
                <![CDATA[[TestResult name=LoginHomePageTest status=SUCCESS method=LoginTest.LoginHomePageTest()[pri:0, instance:qa.test.LoginTest@78e4deb0] output={null}]]]>
              </value>
            </param>
          </params>
          <reporter-output>
          </reporter-output>
        </test-method> <!-- afterMethod -->
      </class> <!-- qa.test.LoginTest -->
      <class name="qa.test.HomeTest">
        <test-method is-config="true" signature="setupExtentReports()[pri:0, instance:qa.test.HomeTest@11392934]" started-at="2024-12-01T14:04:34 IST" name="setupExtentReports" finished-at="2024-12-01T14:04:35 IST" duration-ms="284" status="PASS">
          <reporter-output>
          </reporter-output>
        </test-method> <!-- setupExtentReports -->
        <test-method is-config="true" signature="beforeTestMethod(java.lang.String)[pri:0, instance:qa.test.HomeTest@11392934]" started-at="2024-12-01T14:04:35 IST" name="beforeTestMethod" finished-at="2024-12-01T14:04:46 IST" duration-ms="11257" status="PASS">
          <params>
            <param index="0">
              <value>
                <![CDATA[chrome]]>
              </value>
            </param>
          </params>
          <reporter-output>
          </reporter-output>
        </test-method> <!-- beforeTestMethod -->
        <test-method is-config="true" signature="beforeMethod(java.lang.reflect.Method)[pri:0, instance:qa.test.HomeTest@11392934]" started-at="2024-12-01T14:04:46 IST" name="beforeMethod" finished-at="2024-12-01T14:04:46 IST" duration-ms="0" status="PASS">
          <params>
            <param index="0">
              <value>
                <![CDATA[public void qa.test.HomeTest.HomePageTestCase()]]>
              </value>
            </param>
          </params>
          <reporter-output>
          </reporter-output>
        </test-method> <!-- beforeMethod -->
        <test-method signature="HomePageTestCase()[pri:0, instance:qa.test.HomeTest@11392934]" started-at="2024-12-01T14:04:46 IST" name="HomePageTestCase" finished-at="2024-12-01T14:04:52 IST" duration-ms="6410" status="PASS">
          <reporter-output>
          </reporter-output>
        </test-method> <!-- HomePageTestCase -->
        <test-method is-config="true" signature="afterMethod(org.testng.ITestResult)[pri:0, instance:qa.test.HomeTest@11392934]" started-at="2024-12-01T14:04:52 IST" name="afterMethod" finished-at="2024-12-01T14:04:52 IST" duration-ms="9" status="PASS">
          <params>
            <param index="0">
              <value>
                <![CDATA[[TestResult name=HomePageTestCase status=SUCCESS method=HomeTest.HomePageTestCase()[pri:0, instance:qa.test.HomeTest@11392934] output={null}]]]>
              </value>
            </param>
          </params>
          <reporter-output>
          </reporter-output>
        </test-method> <!-- afterMethod -->
        <test-method signature="HomePageTestCase2()[pri:0, instance:qa.test.HomeTest@11392934]" started-at="2024-12-01T14:04:52 IST" name="HomePageTestCase2" finished-at="2024-12-01T14:04:57 IST" duration-ms="4439" status="PASS">
          <reporter-output>
          </reporter-output>
        </test-method> <!-- HomePageTestCase2 -->
        <test-method is-config="true" signature="beforeMethod(java.lang.reflect.Method)[pri:0, instance:qa.test.HomeTest@11392934]" started-at="2024-12-01T14:04:52 IST" name="beforeMethod" finished-at="2024-12-01T14:04:52 IST" duration-ms="0" status="PASS">
          <params>
            <param index="0">
              <value>
                <![CDATA[public void qa.test.HomeTest.HomePageTestCase2()]]>
              </value>
            </param>
          </params>
          <reporter-output>
          </reporter-output>
        </test-method> <!-- beforeMethod -->
        <test-method is-config="true" signature="afterMethod(org.testng.ITestResult)[pri:0, instance:qa.test.HomeTest@11392934]" started-at="2024-12-01T14:04:57 IST" name="afterMethod" finished-at="2024-12-01T14:04:57 IST" duration-ms="1" status="PASS">
          <params>
            <param index="0">
              <value>
                <![CDATA[[TestResult name=HomePageTestCase2 status=SUCCESS method=HomeTest.HomePageTestCase2()[pri:0, instance:qa.test.HomeTest@11392934] output={null}]]]>
              </value>
            </param>
          </params>
          <reporter-output>
          </reporter-output>
        </test-method> <!-- afterMethod -->
        <test-method is-config="true" signature="afterTest()[pri:0, instance:qa.test.HomeTest@11392934]" started-at="2024-12-01T14:05:05 IST" name="afterTest" finished-at="2024-12-01T14:05:06 IST" duration-ms="770" status="PASS">
          <reporter-output>
          </reporter-output>
        </test-method> <!-- afterTest -->
      </class> <!-- qa.test.HomeTest -->
    </test> <!-- ChromeTest -->
  </suite> <!-- Suite -->
</testng-results>
